0 verbose cli /Users/rajshree/.nvm/versions/node/v16.19.1/bin/node /Users/rajshree/.nvm/versions/node/v16.19.1/bin/npm
1 info using npm@9.6.4
2 info using node@v16.19.1
3 timing npm:load:whichnode Completed in 0ms
4 timing config:load:defaults Completed in 1ms
5 timing config:load:file:/Users/rajshree/.nvm/versions/node/v16.19.1/lib/node_modules/npm/npmrc Completed in 0ms
6 timing config:load:builtin Completed in 0ms
7 timing config:load:cli Completed in 1ms
8 timing config:load:env Completed in 0ms
9 timing config:load:file:/Users/rajshree/Desktop/ReactNative/ScoreCard/.npmrc Completed in 0ms
10 timing config:load:project Completed in 1ms
11 timing config:load:file:/Users/rajshree/.npmrc Completed in 0ms
12 timing config:load:user Completed in 0ms
13 timing config:load:file:/Users/rajshree/.nvm/versions/node/v16.19.1/etc/npmrc Completed in 0ms
14 timing config:load:global Completed in 0ms
15 timing config:load:setEnvs Completed in 0ms
16 timing config:load Completed in 3ms
17 timing npm:load:configload Completed in 3ms
18 timing npm:load:mkdirpcache Completed in 0ms
19 timing npm:load:mkdirplogs Completed in 0ms
20 verbose title npm
21 verbose argv "--cache" "clean"
22 timing npm:load:setTitle Completed in 4ms
23 timing config:load:flatten Completed in 1ms
24 timing npm:load:display Completed in 1ms
25 verbose logfile logs-max:10 dir:/Users/rajshree/Desktop/ReactNative/ScoreCard/clean/_logs/2023-10-08T18_25_46_043Z-
26 verbose logfile /Users/rajshree/Desktop/ReactNative/ScoreCard/clean/_logs/2023-10-08T18_25_46_043Z-debug-0.log
27 timing npm:load:logFile Completed in 3ms
28 timing npm:load:timers Completed in 0ms
29 timing npm:load:configScope Completed in 0ms
30 timing npm:load Completed in 12ms
31 verbose exit 0
32 timing npm Completed in 15ms
33 verbose code 1
